<?xml version="1.0" encoding="UTF-8"?>
<!-- Generated by org.testng.reporters.JUnitXMLReporter -->
<testsuite hostname="hp-pc04" name="Test" tests="20" failures="0" timestamp="19 Apr 2019 11:56:24 GMT" time="56.44" errors="0">
  <testcase name="Verify_Url" time="0.068" classname="TestNgDemo.TestNgMaven.Login_TestCase"/>
  <testcase name="verifyApplicationTitle" time="0.057" classname="TestNgDemo.TestNgMaven.Login_TestCase"/>
  <testcase name="verify_Title" time="0.21" classname="TestNgDemo.TestNgMaven.Login_TestCase"/>
  <testcase name="loginsesion" time="0.06" classname="TestNgDemo.TestNgMaven.Login_TestCase"/>
  <testcase name="Check_PlaceHolder_Username" time="0.114" classname="TestNgDemo.TestNgMaven.Login_TestCase"/>
  <testcase name="Check_PlaceHolder_Password" time="0.138" classname="TestNgDemo.TestNgMaven.Login_TestCase"/>
  <testcase name="check_Button_color" time="0.328" classname="TestNgDemo.TestNgMaven.Login_TestCase"/>
  <testcase name="check_Links" time="0.192" classname="TestNgDemo.TestNgMaven.Login_TestCase"/>
  <testcase name="blank_username_password" time="0.89" classname="TestNgDemo.TestNgMaven.Login_TestCase"/>
  <testcase name="invalidusername_password" time="5.756" classname="TestNgDemo.TestNgMaven.Login_TestCase"/>
  <testcase name="validUsername_Password" time="1.943" classname="TestNgDemo.TestNgMaven.Login_TestCase"/>
  <testcase name="Verify_Url_DashBoard" time="0.068" classname="TestNgDemo.TestNgMaven.Login_TestCase"/>
  <testcase name="verifyApplicationTitle_DashBoard" time="0.06" classname="TestNgDemo.TestNgMaven.Login_TestCase"/>
  <testcase name="heading_Dashboard" time="2.153" classname="TestNgDemo.TestNgMaven.Login_TestCase"/>
  <testcase name="click_OnUser" time="3.329" classname="TestNgDemo.TestNgMaven.Login_TestCase"/>
  <testcase name="getTableData" time="10.3" classname="TestNgDemo.TestNgMaven.Login_TestCase"/>
  <testcase name="Click_On_AddUser_Btn" time="2.505" classname="TestNgDemo.TestNgMaven.Login_TestCase"/>
  <testcase name="Fill_Form" time="15.652" classname="TestNgDemo.TestNgMaven.Login_TestCase"/>
  <testcase name="clickOn_OperatorBtn" time="11.783" classname="TestNgDemo.TestNgMaven.Login_TestCase"/>
  <testcase name="logOutBtn" time="0.748" classname="TestNgDemo.TestNgMaven.Login_TestCase"/>
</testsuite> <!-- Test -->
