<?xml version="1.0" encoding="UTF-8"?>
<testng-results skipped="0" failed="0" total="20" passed="20">
  <reporter-output>
  </reporter-output>
  <suite name="Suite" duration-ms="56440" started-at="2019-04-19T11:55:28Z" finished-at="2019-04-19T11:56:24Z">
    <groups>
      <group name="Resgression">
        <method signature="Login_TestCase.validUsername_Password()[pri:0, instance:TestNgDemo.TestNgMaven.Login_TestCase@47f37ef1]" name="validUsername_Password" class="TestNgDemo.TestNgMaven.Login_TestCase"/>
      </group> <!-- Resgression -->
      <group name="Regression">
        <method signature="Login_TestCase.Check_PlaceHolder_Password()[pri:0, instance:TestNgDemo.TestNgMaven.Login_TestCase@47f37ef1]" name="Check_PlaceHolder_Password" class="TestNgDemo.TestNgMaven.Login_TestCase"/>
        <method signature="Login_TestCase.Check_PlaceHolder_Username()[pri:0, instance:TestNgDemo.TestNgMaven.Login_TestCase@47f37ef1]" name="Check_PlaceHolder_Username" class="TestNgDemo.TestNgMaven.Login_TestCase"/>
        <method signature="Login_TestCase.Verify_Url()[pri:0, instance:TestNgDemo.TestNgMaven.Login_TestCase@47f37ef1]" name="Verify_Url" class="TestNgDemo.TestNgMaven.Login_TestCase"/>
        <method signature="Login_TestCase.blank_username_password()[pri:0, instance:TestNgDemo.TestNgMaven.Login_TestCase@47f37ef1]" name="blank_username_password" class="TestNgDemo.TestNgMaven.Login_TestCase"/>
        <method signature="Login_TestCase.check_Button_color()[pri:0, instance:TestNgDemo.TestNgMaven.Login_TestCase@47f37ef1]" name="check_Button_color" class="TestNgDemo.TestNgMaven.Login_TestCase"/>
        <method signature="Login_TestCase.check_Links()[pri:0, instance:TestNgDemo.TestNgMaven.Login_TestCase@47f37ef1]" name="check_Links" class="TestNgDemo.TestNgMaven.Login_TestCase"/>
        <method signature="Login_TestCase.invalidusername_password()[pri:0, instance:TestNgDemo.TestNgMaven.Login_TestCase@47f37ef1]" name="invalidusername_password" class="TestNgDemo.TestNgMaven.Login_TestCase"/>
        <method signature="Login_TestCase.loginsesion()[pri:0, instance:TestNgDemo.TestNgMaven.Login_TestCase@47f37ef1]" name="loginsesion" class="TestNgDemo.TestNgMaven.Login_TestCase"/>
        <method signature="Login_TestCase.verifyApplicationTitle()[pri:0, instance:TestNgDemo.TestNgMaven.Login_TestCase@47f37ef1]" name="verifyApplicationTitle" class="TestNgDemo.TestNgMaven.Login_TestCase"/>
        <method signature="Login_TestCase.verify_Title()[pri:0, instance:TestNgDemo.TestNgMaven.Login_TestCase@47f37ef1]" name="verify_Title" class="TestNgDemo.TestNgMaven.Login_TestCase"/>
      </group> <!-- Regression -->
      <group name="Smoke">
        <method signature="Login_TestCase.Verify_Url_DashBoard()[pri:0, instance:TestNgDemo.TestNgMaven.Login_TestCase@47f37ef1]" name="Verify_Url_DashBoard" class="TestNgDemo.TestNgMaven.Login_TestCase"/>
        <method signature="Login_TestCase.heading_Dashboard()[pri:0, instance:TestNgDemo.TestNgMaven.Login_TestCase@47f37ef1]" name="heading_Dashboard" class="TestNgDemo.TestNgMaven.Login_TestCase"/>
        <method signature="Login_TestCase.verifyApplicationTitle_DashBoard()[pri:0, instance:TestNgDemo.TestNgMaven.Login_TestCase@47f37ef1]" name="verifyApplicationTitle_DashBoard" class="TestNgDemo.TestNgMaven.Login_TestCase"/>
      </group> <!-- Smoke -->
      <group name="Unit">
        <method signature="Login_TestCase.Click_On_AddUser_Btn()[pri:0, instance:TestNgDemo.TestNgMaven.Login_TestCase@47f37ef1]" name="Click_On_AddUser_Btn" class="TestNgDemo.TestNgMaven.Login_TestCase"/>
        <method signature="Login_TestCase.Fill_Form()[pri:0, instance:TestNgDemo.TestNgMaven.Login_TestCase@47f37ef1]" name="Fill_Form" class="TestNgDemo.TestNgMaven.Login_TestCase"/>
        <method signature="Login_TestCase.clickOn_OperatorBtn()[pri:0, instance:TestNgDemo.TestNgMaven.Login_TestCase@47f37ef1]" name="clickOn_OperatorBtn" class="TestNgDemo.TestNgMaven.Login_TestCase"/>
        <method signature="Login_TestCase.click_OnUser()[pri:0, instance:TestNgDemo.TestNgMaven.Login_TestCase@47f37ef1]" name="click_OnUser" class="TestNgDemo.TestNgMaven.Login_TestCase"/>
        <method signature="Login_TestCase.getTableData()[pri:0, instance:TestNgDemo.TestNgMaven.Login_TestCase@47f37ef1]" name="getTableData" class="TestNgDemo.TestNgMaven.Login_TestCase"/>
        <method signature="Login_TestCase.logOutBtn()[pri:0, instance:TestNgDemo.TestNgMaven.Login_TestCase@47f37ef1]" name="logOutBtn" class="TestNgDemo.TestNgMaven.Login_TestCase"/>
      </group> <!-- Unit -->
    </groups>
    <test name="Test" duration-ms="56440" started-at="2019-04-19T11:55:28Z" finished-at="2019-04-19T11:56:24Z">
      <class name="TestNgDemo.TestNgMaven.Login_TestCase">
        <test-method status="PASS" signature="setup_Browser()[pri:0, instance:TestNgDemo.TestNgMaven.Login_TestCase@47f37ef1]" name="setup_Browser" is-config="true" duration-ms="11552" started-at="2019-04-19T17:25:16Z" finished-at="2019-04-19T17:25:28Z">
          <reporter-output>
          </reporter-output>
        </test-method> <!-- setup_Browser -->
        <test-method status="PASS" signature="Verify_Url()[pri:0, instance:TestNgDemo.TestNgMaven.Login_TestCase@47f37ef1]" name="Verify_Url" duration-ms="68" started-at="2019-04-19T17:25:28Z" finished-at="2019-04-19T17:25:28Z">
          <reporter-output>
          </reporter-output>
        </test-method> <!-- Verify_Url -->
        <test-method status="PASS" signature="verifyApplicationTitle()[pri:0, instance:TestNgDemo.TestNgMaven.Login_TestCase@47f37ef1]" name="verifyApplicationTitle" duration-ms="57" started-at="2019-04-19T17:25:28Z" finished-at="2019-04-19T17:25:28Z">
          <reporter-output>
          </reporter-output>
        </test-method> <!-- verifyApplicationTitle -->
        <test-method status="PASS" signature="verify_Title()[pri:0, instance:TestNgDemo.TestNgMaven.Login_TestCase@47f37ef1]" name="verify_Title" duration-ms="210" started-at="2019-04-19T17:25:28Z" finished-at="2019-04-19T17:25:28Z">
          <reporter-output>
          </reporter-output>
        </test-method> <!-- verify_Title -->
        <test-method status="PASS" signature="loginsesion()[pri:0, instance:TestNgDemo.TestNgMaven.Login_TestCase@47f37ef1]" name="loginsesion" duration-ms="60" started-at="2019-04-19T17:25:28Z" finished-at="2019-04-19T17:25:28Z">
          <reporter-output>
          </reporter-output>
        </test-method> <!-- loginsesion -->
        <test-method status="PASS" signature="Check_PlaceHolder_Username()[pri:0, instance:TestNgDemo.TestNgMaven.Login_TestCase@47f37ef1]" name="Check_PlaceHolder_Username" duration-ms="114" started-at="2019-04-19T17:25:28Z" finished-at="2019-04-19T17:25:28Z">
          <reporter-output>
          </reporter-output>
        </test-method> <!-- Check_PlaceHolder_Username -->
        <test-method status="PASS" signature="Check_PlaceHolder_Password()[pri:0, instance:TestNgDemo.TestNgMaven.Login_TestCase@47f37ef1]" name="Check_PlaceHolder_Password" duration-ms="138" started-at="2019-04-19T17:25:28Z" finished-at="2019-04-19T17:25:28Z">
          <reporter-output>
          </reporter-output>
        </test-method> <!-- Check_PlaceHolder_Password -->
        <test-method status="PASS" signature="check_Button_color()[pri:0, instance:TestNgDemo.TestNgMaven.Login_TestCase@47f37ef1]" name="check_Button_color" duration-ms="328" started-at="2019-04-19T17:25:28Z" finished-at="2019-04-19T17:25:29Z">
          <reporter-output>
          </reporter-output>
        </test-method> <!-- check_Button_color -->
        <test-method status="PASS" signature="check_Links()[pri:0, instance:TestNgDemo.TestNgMaven.Login_TestCase@47f37ef1]" name="check_Links" duration-ms="192" started-at="2019-04-19T17:25:29Z" finished-at="2019-04-19T17:25:29Z">
          <reporter-output>
          </reporter-output>
        </test-method> <!-- check_Links -->
        <test-method status="PASS" signature="blank_username_password()[pri:0, instance:TestNgDemo.TestNgMaven.Login_TestCase@47f37ef1]" name="blank_username_password" duration-ms="890" started-at="2019-04-19T17:25:29Z" finished-at="2019-04-19T17:25:30Z">
          <reporter-output>
          </reporter-output>
        </test-method> <!-- blank_username_password -->
        <test-method status="PASS" signature="invalidusername_password()[pri:0, instance:TestNgDemo.TestNgMaven.Login_TestCase@47f37ef1]" name="invalidusername_password" duration-ms="5756" started-at="2019-04-19T17:25:30Z" finished-at="2019-04-19T17:25:36Z">
          <reporter-output>
          </reporter-output>
        </test-method> <!-- invalidusername_password -->
        <test-method status="PASS" signature="validUsername_Password()[pri:0, instance:TestNgDemo.TestNgMaven.Login_TestCase@47f37ef1]" name="validUsername_Password" duration-ms="1943" started-at="2019-04-19T17:25:36Z" finished-at="2019-04-19T17:25:38Z">
          <reporter-output>
          </reporter-output>
        </test-method> <!-- validUsername_Password -->
        <test-method status="PASS" signature="Verify_Url_DashBoard()[pri:0, instance:TestNgDemo.TestNgMaven.Login_TestCase@47f37ef1]" name="Verify_Url_DashBoard" duration-ms="68" started-at="2019-04-19T17:25:38Z" finished-at="2019-04-19T17:25:38Z">
          <reporter-output>
          </reporter-output>
        </test-method> <!-- Verify_Url_DashBoard -->
        <test-method status="PASS" signature="verifyApplicationTitle_DashBoard()[pri:0, instance:TestNgDemo.TestNgMaven.Login_TestCase@47f37ef1]" name="verifyApplicationTitle_DashBoard" duration-ms="60" started-at="2019-04-19T17:25:38Z" finished-at="2019-04-19T17:25:38Z">
          <reporter-output>
          </reporter-output>
        </test-method> <!-- verifyApplicationTitle_DashBoard -->
        <test-method status="PASS" signature="heading_Dashboard()[pri:0, instance:TestNgDemo.TestNgMaven.Login_TestCase@47f37ef1]" name="heading_Dashboard" duration-ms="2153" started-at="2019-04-19T17:25:38Z" finished-at="2019-04-19T17:25:40Z">
          <reporter-output>
          </reporter-output>
        </test-method> <!-- heading_Dashboard -->
        <test-method status="PASS" signature="click_OnUser()[pri:0, instance:TestNgDemo.TestNgMaven.Login_TestCase@47f37ef1]" name="click_OnUser" duration-ms="3329" started-at="2019-04-19T17:25:40Z" finished-at="2019-04-19T17:25:43Z">
          <reporter-output>
          </reporter-output>
        </test-method> <!-- click_OnUser -->
        <test-method status="PASS" signature="getTableData()[pri:0, instance:TestNgDemo.TestNgMaven.Login_TestCase@47f37ef1]" name="getTableData" duration-ms="10300" started-at="2019-04-19T17:25:43Z" finished-at="2019-04-19T17:25:53Z">
          <reporter-output>
          </reporter-output>
        </test-method> <!-- getTableData -->
        <test-method status="PASS" signature="Click_On_AddUser_Btn()[pri:0, instance:TestNgDemo.TestNgMaven.Login_TestCase@47f37ef1]" name="Click_On_AddUser_Btn" duration-ms="2505" started-at="2019-04-19T17:25:53Z" finished-at="2019-04-19T17:25:56Z">
          <reporter-output>
          </reporter-output>
        </test-method> <!-- Click_On_AddUser_Btn -->
        <test-method status="PASS" signature="Fill_Form()[pri:0, instance:TestNgDemo.TestNgMaven.Login_TestCase@47f37ef1]" name="Fill_Form" duration-ms="15652" started-at="2019-04-19T17:25:56Z" finished-at="2019-04-19T17:26:12Z">
          <reporter-output>
          </reporter-output>
        </test-method> <!-- Fill_Form -->
        <test-method status="PASS" signature="clickOn_OperatorBtn()[pri:0, instance:TestNgDemo.TestNgMaven.Login_TestCase@47f37ef1]" name="clickOn_OperatorBtn" duration-ms="11783" started-at="2019-04-19T17:26:12Z" finished-at="2019-04-19T17:26:23Z">
          <reporter-output>
          </reporter-output>
        </test-method> <!-- clickOn_OperatorBtn -->
        <test-method status="PASS" signature="logOutBtn()[pri:0, instance:TestNgDemo.TestNgMaven.Login_TestCase@47f37ef1]" name="logOutBtn" duration-ms="748" started-at="2019-04-19T17:26:23Z" finished-at="2019-04-19T17:26:24Z">
          <reporter-output>
          </reporter-output>
        </test-method> <!-- logOutBtn -->
        <test-method status="PASS" signature="close_Browse()[pri:0, instance:TestNgDemo.TestNgMaven.Login_TestCase@47f37ef1]" name="close_Browse" is-config="true" duration-ms="759" started-at="2019-04-19T17:26:24Z" finished-at="2019-04-19T17:26:25Z">
          <reporter-output>
          </reporter-output>
        </test-method> <!-- close_Browse -->
      </class> <!-- TestNgDemo.TestNgMaven.Login_TestCase -->
    </test> <!-- Test -->
  </suite> <!-- Suite -->
</testng-results>
